<?xml version="1.0" encoding="UTF-8"?>
<!-- Generated by org.testng.reporters.JUnitXMLReporter -->
<testsuite ignored="0" hostname="TIBCO-PF2NGR0L" failures="0" tests="2" name="Cucumber with TestNG Test" time="20.742" errors="0" timestamp="2024-12-19T15:34:52 IST">
  <testcase classname="io.cucumber.testng.AbstractTestNGCucumberTests" name="runScenario" time="12.311"/>
  <testcase classname="io.cucumber.testng.AbstractTestNGCucumberTests" name="runScenario" time="7.238"/>
</testsuite> <!-- Cucumber with TestNG Test -->
