<?xml version="1.0" encoding="UTF-8"?>
<testng-results ignored="0" total="2" passed="2" failed="0" skipped="0">
  <reporter-output>
  </reporter-output>
  <suite started-at="2024-12-19T15:34:31 IST" name="Suite" finished-at="2024-12-19T15:34:52 IST" duration-ms="20742">
    <groups>
      <group name="cucumber">
        <method signature="AbstractTestNGCucumberTests.runScenario(io.cucumber.testng.PickleWrapper,io.cucumber.testng.FeatureWrapper)[pri:0, instance:TestNGRunner@4be29ed9]" name="runScenario" class="io.cucumber.testng.AbstractTestNGCucumberTests"/>
      </group> <!-- cucumber -->
    </groups>
    <test started-at="2024-12-19T15:34:31 IST" name="Cucumber with TestNG Test" finished-at="2024-12-19T15:34:52 IST" duration-ms="20742">
      <class name="TestNGRunner">
        <test-method is-config="true" signature="setUpClass(org.testng.ITestContext)[pri:0, instance:TestNGRunner@4be29ed9]" started-at="2024-12-19T15:34:31 IST" name="setUpClass" finished-at="2024-12-19T15:34:32 IST" duration-ms="1008" status="PASS">
          <params>
            <param index="0">
              <value>
                <![CDATA[org.testng.TestRunner@3eda0aeb]]>
              </value>
            </param>
          </params>
          <reporter-output>
          </reporter-output>
        </test-method> <!-- setUpClass -->
        <test-method signature="runScenario(io.cucumber.testng.PickleWrapper,io.cucumber.testng.FeatureWrapper)[pri:0, instance:TestNGRunner@4be29ed9]" started-at="2024-12-19T15:34:33 IST" name="runScenario" description="Runs Cucumber Scenarios" data-provider="scenarios" finished-at="2024-12-19T15:34:45 IST" duration-ms="12311" status="PASS">
          <params>
            <param index="0">
              <value>
                <![CDATA["Login to Gmail"]]>
              </value>
            </param>
            <param index="1">
              <value>
                <![CDATA["Gmail login"]]>
              </value>
            </param>
          </params>
          <reporter-output>
          </reporter-output>
        </test-method> <!-- runScenario -->
        <test-method signature="runScenario(io.cucumber.testng.PickleWrapper,io.cucumber.testng.FeatureWrapper)[pri:0, instance:TestNGRunner@4be29ed9]" started-at="2024-12-19T15:34:45 IST" name="runScenario" description="Runs Cucumber Scenarios" data-provider="scenarios" finished-at="2024-12-19T15:34:52 IST" duration-ms="7238" status="PASS">
          <params>
            <param index="0">
              <value>
                <![CDATA["User lands on Google Home page"]]>
              </value>
            </param>
            <param index="1">
              <value>
                <![CDATA["Google home page"]]>
              </value>
            </param>
          </params>
          <reporter-output>
          </reporter-output>
        </test-method> <!-- runScenario -->
        <test-method is-config="true" signature="tearDownClass()[pri:0, instance:TestNGRunner@4be29ed9]" started-at="2024-12-19T15:34:52 IST" name="tearDownClass" finished-at="2024-12-19T15:34:52 IST" duration-ms="98" status="PASS">
          <reporter-output>
          </reporter-output>
        </test-method> <!-- tearDownClass -->
      </class> <!-- TestNGRunner -->
    </test> <!-- Cucumber with TestNG Test -->
  </suite> <!-- Suite -->
</testng-results>
